<?xml version="1.0" encoding="UTF-8" ?>
<testsuite tests="10" failures="0" name="com.graph.api.utests.EmployeeGraphTest" time="0.012" errors="0" skipped="0">
  <properties>
    <property name="java.runtime.name" value="Java(TM) SE Runtime Environment"/>
    <property name="java.vm.version" value="11.0.5+10-LTS"/>
    <property name="sun.boot.library.path" value="D:\Java\jdk-11.0.5\bin"/>
    <property name="maven.multiModuleProjectDirectory" value="D:\Git\Repositories\graph\graph-api"/>
    <property name="java.vm.vendor" value="Oracle Corporation"/>
    <property name="java.vendor.url" value="http://java.oracle.com/"/>
    <property name="guice.disable.misplaced.annotation.check" value="true"/>
    <property name="path.separator" value=";"/>
    <property name="java.vm.name" value="Java HotSpot(TM) 64-Bit Server VM"/>
    <property name="sun.os.patch.level" value=""/>
    <property name="user.script" value=""/>
    <property name="user.country" value="US"/>
    <property name="sun.java.launcher" value="SUN_STANDARD"/>
    <property name="java.vm.specification.name" value="Java Virtual Machine Specification"/>
    <property name="user.dir" value="D:\Git\Repositories\graph\graph-api"/>
    <property name="java.vm.compressedOopsMode" value="Zero based"/>
    <property name="java.runtime.version" value="11.0.5+10-LTS"/>
    <property name="java.awt.graphicsenv" value="sun.awt.Win32GraphicsEnvironment"/>
    <property name="os.arch" value="amd64"/>
    <property name="java.io.tmpdir" value="C:\Users\khadi\AppData\Local\Temp\"/>
    <property name="line.separator" value="
"/>
    <property name="java.vm.specification.vendor" value="Oracle Corporation"/>
    <property name="user.variant" value=""/>
    <property name="os.name" value="Windows 10"/>
    <property name="classworlds.conf" value="D:\Git\Workspace\project_1\.metadata\.plugins\org.eclipse.m2e.launching\launches\m2conf5355646025896414909.tmp"/>
    <property name="sun.jnu.encoding" value="Cp1252"/>
    <property name="java.library.path" value="D:\Java\jdk-11.0.5\bin;C:\windows\Sun\Java\bin;C:\windows\system32;C:\windows;D:/Java/jdk-11.0.5/bin/server;D:/Java/jdk-11.0.5/bin;D:\Java\jdk-11.0.5;C:\Users\khadi\AppData\Roaming\npm;C:\Program Files (x86)\Common Files\Oracle\Java\javapath;C:\Python27\;C:\Python27\Scripts;C:\windows\system32;C:\windows;C:\windows\System32\Wbem;C:\windows\System32\WindowsPowerShell\v1.0\;C:\windows\System32\OpenSSH\;C:\Program Files\dotnet\;C:\Program Files\Microsoft SQL Server\130\Tools\Binn\;C:\Program Files\Microsoft SQL Server\Client SDK\ODBC\170\Tools\Binn\;D:\Program Files\nodejs\;C:\ProgramData\chocolatey\bin;D:\Program Files\Git\cmd;C:\Program Files\PuTTY\;D:\Program Files\JetBrains\IntelliJ IDEA 2020.1\plugins\gradle\lib;D:\Java\jdk-11.0.5;C:\Users\khadi\AppData\Local\Microsoft\WindowsApps;;D:\Users\khadi\AppData\Local\Programs\Microsoft VS Code\bin;D:\Program Files\JetBrains\IntelliJ IDEA 2020.1\bin;;D:\eclipse\2019-09\eclipse;;."/>
    <property name="jdk.debug" value="release"/>
    <property name="java.class.version" value="55.0"/>
    <property name="java.specification.name" value="Java Platform API Specification"/>
    <property name="sun.management.compiler" value="HotSpot 64-Bit Tiered Compilers"/>
    <property name="os.version" value="10.0"/>
    <property name="user.home" value="C:\Users\khadi"/>
    <property name="user.timezone" value="America/Chicago"/>
    <property name="java.awt.printerjob" value="sun.awt.windows.WPrinterJob"/>
    <property name="file.encoding" value="Cp1252"/>
    <property name="java.specification.version" value="11"/>
    <property name="user.name" value="khadi"/>
    <property name="java.class.path" value="C:\Users\khadi\.p2\pool\plugins\org.eclipse.m2e.maven.runtime_1.13.0.20190716-1623\jars\plexus-classworlds-2.6.0.jar"/>
    <property name="java.vm.specification.version" value="11"/>
    <property name="sun.arch.data.model" value="64"/>
    <property name="sun.java.command" value="org.codehaus.plexus.classworlds.launcher.Launcher -B install"/>
    <property name="java.home" value="D:\Java\jdk-11.0.5"/>
    <property name="user.language" value="en"/>
    <property name="java.specification.vendor" value="Oracle Corporation"/>
    <property name="awt.toolkit" value="sun.awt.windows.WToolkit"/>
    <property name="java.vm.info" value="mixed mode"/>
    <property name="java.version" value="11.0.5"/>
    <property name="java.vendor" value="Oracle Corporation"/>
    <property name="maven.home" value="D:\Git\Repositories\graph\graph-api\EMBEDDED"/>
    <property name="file.separator" value="\"/>
    <property name="java.version.date" value="2019-10-15"/>
    <property name="java.vendor.url.bug" value="http://bugreport.java.com/bugreport/"/>
    <property name="sun.io.unicode.encoding" value="UnicodeLittle"/>
    <property name="sun.cpu.endian" value="little"/>
    <property name="java.vendor.version" value="18.9"/>
    <property name="sun.desktop" value="windows"/>
    <property name="sun.cpu.isalist" value="amd64"/>
  </properties>
  <testcase classname="com.graph.api.utests.EmployeeGraphTest" name="testGetPathSourceIsNull" time="0.004"/>
  <testcase classname="com.graph.api.utests.EmployeeGraphTest" name="testGetPathSourceDoesNotExist" time="0"/>
  <testcase classname="com.graph.api.utests.EmployeeGraphTest" name="testAddEdge" time="0.001"/>
  <testcase classname="com.graph.api.utests.EmployeeGraphTest" name="testGetPathDestinationDoesNotExist" time="0"/>
  <testcase classname="com.graph.api.utests.EmployeeGraphTest" name="testGetPathDestinationIsNull" time="0.001"/>
  <testcase classname="com.graph.api.utests.EmployeeGraphTest" name="testGetPathOK1" time="0"/>
  <testcase classname="com.graph.api.utests.EmployeeGraphTest" name="testGetPathOK2" time="0"/>
  <testcase classname="com.graph.api.utests.EmployeeGraphTest" name="testGetPathOK3" time="0.001"/>
  <testcase classname="com.graph.api.utests.EmployeeGraphTest" name="testAddVertices" time="0"/>
  <testcase classname="com.graph.api.utests.EmployeeGraphTest" name="testGetPathSameSourceDestinationVertices" time="0.005"/>
</testsuite>